<?xml version="1.0" encoding="UTF-8"?>
<testng-results skipped="0" failed="1" ignored="0" total="10" passed="9">
  <reporter-output>
  </reporter-output>
  <suite name="Suite" duration-ms="105" started-at="2020-12-31T14:18:14 IST" finished-at="2020-12-31T14:18:14 IST">
    <groups>
    </groups>
    <test name="Test" duration-ms="105" started-at="2020-12-31T14:18:14 IST" finished-at="2020-12-31T14:18:14 IST">
      <class name="com.pcs.collections.HashSetDemo">
        <test-method status="PASS" signature="func()[pri:0, instance:com.pcs.collections.HashSetDemo@e874448]" name="func" duration-ms="8" started-at="2020-12-31T14:18:14 IST" finished-at="2020-12-31T14:18:14 IST">
          <reporter-output>
          </reporter-output>
        </test-method> <!-- func -->
      </class> <!-- com.pcs.collections.HashSetDemo -->
      <class name="com.pcs.collections.ArrayListDemo">
        <test-method status="PASS" signature="func()[pri:0, instance:com.pcs.collections.ArrayListDemo@29b5cd00]" name="func" duration-ms="8" started-at="2020-12-31T14:18:14 IST" finished-at="2020-12-31T14:18:14 IST">
          <reporter-output>
          </reporter-output>
        </test-method> <!-- func -->
        <test-method status="PASS" signature="beforeMethod()[pri:0, instance:com.pcs.collections.ArrayListDemo@29b5cd00]" name="beforeMethod" is-config="true" duration-ms="0" started-at="2020-12-31T14:18:14 IST" finished-at="2020-12-31T14:18:14 IST">
          <reporter-output>
          </reporter-output>
        </test-method> <!-- beforeMethod -->
      </class> <!-- com.pcs.collections.ArrayListDemo -->
      <class name="com.pcs.collections.HashMapDemo">
        <test-method status="PASS" signature="func()[pri:0, instance:com.pcs.collections.HashMapDemo@60285225]" name="func" duration-ms="8" started-at="2020-12-31T14:18:14 IST" finished-at="2020-12-31T14:18:14 IST">
          <reporter-output>
          </reporter-output>
        </test-method> <!-- func -->
      </class> <!-- com.pcs.collections.HashMapDemo -->
    </test> <!-- Test -->
  </suite> <!-- Suite -->
  <suite name="Suite (0)" duration-ms="154720" started-at="2020-12-31T14:18:14 IST" finished-at="2020-12-31T14:20:48 IST">
    <groups>
    </groups>
    <test name="Test" duration-ms="154720" started-at="2020-12-31T14:18:14 IST" finished-at="2020-12-31T14:20:48 IST">
      <class name="assignmentFramework.App">
        <test-method status="PASS" signature="AppRun(java.lang.String)[pri:0, instance:assignmentFramework.App@553a3d88]" name="AppRun" duration-ms="16912" started-at="2020-12-31T14:20:05 IST" finished-at="2020-12-31T14:20:22 IST">
          <params>
            <param index="0">
              <value>
                <![CDATA[http://the-internet.herokuapp.com/]]>
              </value>
            </param>
          </params>
          <reporter-output>
          </reporter-output>
        </test-method> <!-- AppRun -->
      </class> <!-- assignmentFramework.App -->
      <class name="assignmentFramework.BasicAuth">
        <test-method status="FAIL" signature="Auth(java.lang.String)[pri:0, instance:assignmentFramework.BasicAuth@3ecd23d9]" name="Auth" duration-ms="25980" started-at="2020-12-31T14:18:14 IST" finished-at="2020-12-31T14:18:40 IST">
          <params>
            <param index="0">
              <value>
                <![CDATA[http://the-internet.herokuapp.com/]]>
              </value>
            </param>
          </params>
          <exception class="java.io.IOException">
            <message>
              <![CDATA[Cannot run program "E:\git\SeleniumJava\Assign\Assignment\Auth.exe": CreateProcess error=2, The system cannot find the file specified]]>
            </message>
            <full-stacktrace>
              <![CDATA[java.io.IOException: Cannot run program "E:\git\SeleniumJava\Assign\Assignment\Auth.exe": CreateProcess error=2, The system cannot find the file specified
at java.lang.ProcessBuilder.start(Unknown Source)
at java.lang.Runtime.exec(Unknown Source)
at java.lang.Runtime.exec(Unknown Source)
at java.lang.Runtime.exec(Unknown Source)
at assignmentFramework.BasicAuth.Auth(BasicAuth.java:40)
at sun.reflect.NativeMethodAccessorImpl.invoke0(Native Method)
at sun.reflect.NativeMethodAccessorImpl.invoke(Unknown Source)
at sun.reflect.DelegatingMethodAccessorImpl.invoke(Unknown Source)
at java.lang.reflect.Method.invoke(Unknown Source)
at org.testng.internal.MethodInvocationHelper.invokeMethod(MethodInvocationHelper.java:134)
at org.testng.internal.TestInvoker.invokeMethod(TestInvoker.java:597)
at org.testng.internal.TestInvoker.invokeTestMethod(TestInvoker.java:173)
at org.testng.internal.MethodRunner.runInSequence(MethodRunner.java:46)
at org.testng.internal.TestInvoker$MethodInvocationAgent.invoke(TestInvoker.java:816)
at org.testng.internal.TestInvoker.invokeTestMethods(TestInvoker.java:146)
at org.testng.internal.TestMethodWorker.invokeTestMethods(TestMethodWorker.java:146)
at org.testng.internal.TestMethodWorker.run(TestMethodWorker.java:128)
at java.util.ArrayList.forEach(Unknown Source)
at org.testng.TestRunner.privateRun(TestRunner.java:766)
at org.testng.TestRunner.run(TestRunner.java:587)
at org.testng.SuiteRunner.runTest(SuiteRunner.java:384)
at org.testng.SuiteRunner.runSequentially(SuiteRunner.java:378)
at org.testng.SuiteRunner.privateRun(SuiteRunner.java:337)
at org.testng.SuiteRunner.run(SuiteRunner.java:286)
at org.testng.SuiteRunnerWorker.runSuite(SuiteRunnerWorker.java:53)
at org.testng.SuiteRunnerWorker.run(SuiteRunnerWorker.java:96)
at org.testng.TestNG.runSuitesSequentially(TestNG.java:1187)
at org.testng.TestNG.runSuitesSequentially(TestNG.java:1182)
at org.testng.TestNG.runSuitesLocally(TestNG.java:1109)
at org.testng.TestNG.runSuites(TestNG.java:1039)
at org.testng.TestNG.run(TestNG.java:1007)
at org.testng.remote.AbstractRemoteTestNG.run(AbstractRemoteTestNG.java:115)
at org.testng.remote.RemoteTestNG.initAndRun(RemoteTestNG.java:251)
at org.testng.remote.RemoteTestNG.main(RemoteTestNG.java:77)
Caused by: java.io.IOException: CreateProcess error=2, The system cannot find the file specified
at java.lang.ProcessImpl.create(Native Method)
at java.lang.ProcessImpl.<init>(Unknown Source)
at java.lang.ProcessImpl.start(Unknown Source)
... 34 more
]]>
            </full-stacktrace>
          </exception> <!-- java.io.IOException -->
          <reporter-output>
          </reporter-output>
        </test-method> <!-- Auth -->
      </class> <!-- assignmentFramework.BasicAuth -->
      <class name="assignmentFramework.AddRemove">
        <test-method status="PASS" signature="Element(java.lang.String)[pri:0, instance:assignmentFramework.AddRemove@7a30d1e6]" name="Element" duration-ms="22430" started-at="2020-12-31T14:20:22 IST" finished-at="2020-12-31T14:20:44 IST">
          <params>
            <param index="0">
              <value>
                <![CDATA[http://the-internet.herokuapp.com/]]>
              </value>
            </param>
          </params>
          <reporter-output>
          </reporter-output>
        </test-method> <!-- Element -->
      </class> <!-- assignmentFramework.AddRemove -->
      <class name="assignmentFramework.ABtest">
        <test-method status="PASS" signature="f()[pri:0, instance:assignmentFramework.ABtest@569cfc36]" name="f" duration-ms="18399" started-at="2020-12-31T14:18:40 IST" finished-at="2020-12-31T14:18:58 IST">
          <reporter-output>
          </reporter-output>
        </test-method> <!-- f -->
      </class> <!-- assignmentFramework.ABtest -->
      <class name="assignmentFramework.CheckBox">
        <test-method status="PASS" signature="Check()[pri:0, instance:assignmentFramework.CheckBox@33723e30]" name="Check" duration-ms="25345" started-at="2020-12-31T14:19:18 IST" finished-at="2020-12-31T14:19:43 IST">
          <reporter-output>
          </reporter-output>
        </test-method> <!-- Check -->
      </class> <!-- assignmentFramework.CheckBox -->
      <class name="assignmentFramework.dropdown">
        <test-method status="PASS" signature="beforeMeth()[pri:0, instance:assignmentFramework.dropdown@64f6106c]" name="beforeMeth" is-config="true" duration-ms="8246" started-at="2020-12-31T14:19:43 IST" finished-at="2020-12-31T14:19:52 IST">
          <reporter-output>
          </reporter-output>
        </test-method> <!-- beforeMeth -->
        <test-method status="PASS" signature="dropD()[pri:0, instance:assignmentFramework.dropdown@64f6106c]" name="dropD" duration-ms="13365" started-at="2020-12-31T14:19:52 IST" finished-at="2020-12-31T14:20:05 IST">
          <reporter-output>
          </reporter-output>
        </test-method> <!-- dropD -->
        <test-method status="PASS" signature="afterMeth()[pri:0, instance:assignmentFramework.dropdown@64f6106c]" name="afterMeth" is-config="true" duration-ms="1782" started-at="2020-12-31T14:20:47 IST" finished-at="2020-12-31T14:20:48 IST">
          <reporter-output>
          </reporter-output>
        </test-method> <!-- afterMeth -->
      </class> <!-- assignmentFramework.dropdown -->
      <class name="assignmentFramework.ajaxForm">
        <test-method status="PASS" signature="beforeMeth()[pri:0, instance:assignmentFramework.ajaxForm@43bd930a]" name="beforeMeth" is-config="true" duration-ms="8564" started-at="2020-12-31T14:18:58 IST" finished-at="2020-12-31T14:19:07 IST">
          <reporter-output>
          </reporter-output>
        </test-method> <!-- beforeMeth -->
        <test-method status="PASS" signature="formAjax()[pri:0, instance:assignmentFramework.ajaxForm@43bd930a]" name="formAjax" duration-ms="11384" started-at="2020-12-31T14:19:07 IST" finished-at="2020-12-31T14:19:18 IST">
          <reporter-output>
          </reporter-output>
        </test-method> <!-- formAjax -->
        <test-method status="PASS" signature="afterMeth()[pri:0, instance:assignmentFramework.ajaxForm@43bd930a]" name="afterMeth" is-config="true" duration-ms="2276" started-at="2020-12-31T14:20:44 IST" finished-at="2020-12-31T14:20:47 IST">
          <reporter-output>
          </reporter-output>
        </test-method> <!-- afterMeth -->
      </class> <!-- assignmentFramework.ajaxForm -->
    </test> <!-- Test -->
  </suite> <!-- Suite (0) -->
  <suite name="FirstSuite" duration-ms="0" started-at="2020-12-31T14:20:49 IST" finished-at="2020-12-31T14:20:49 IST">
    <groups>
    </groups>
  </suite> <!-- FirstSuite -->
</testng-results>
